2025/11/09 17:49:08.843304 Node 2 ready
2025/11/09 17:49:08.862032 Node 1 ready
2025/11/09 17:49:10.767533 Node 3 ready
2025/11/09 17:49:20.971486 Node 1 requests CS
2025/11/09 17:49:20.972507 Node 3 grants request to 1
2025/11/09 17:49:20.972507 Node 2 grants request to 1
2025/11/09 17:49:20.973558 Node 1 got Reply from 3
2025/11/09 17:49:20.973558 Node 1 got Reply from 2
2025/11/09 17:49:20.973558 Node 1 ENTERS CS
2025/11/09 17:49:23.315687 Node 2 requests CS
2025/11/09 17:49:23.316192 Node 1 defers reply to 2
2025/11/09 17:49:23.316192 Node 3 grants request to 2
2025/11/09 17:49:23.316192 Node 2 got Reply from 3
2025/11/09 17:49:24.902411 Node 3 requests CS
2025/11/09 17:49:24.902411 Node 2 defers reply to 3
2025/11/09 17:49:24.902411 Node 1 defers reply to 3
2025/11/09 17:49:25.973808 Node 1 LEAVES CS
2025/11/09 17:49:25.974347 Node 3 got Reply from 1
2025/11/09 17:49:25.974347 Node 2 got Reply from 1
2025/11/09 17:49:25.974347 Node 2 ENTERS CS
2025/11/09 17:49:30.974699 Node 2 LEAVES CS
2025/11/09 17:49:30.974699 Node 3 got Reply from 2
2025/11/09 17:49:30.974699 Node 3 ENTERS CS
2025/11/09 17:49:35.975262 Node 3 LEAVES CS
